<?xml version="1.0" encoding="UTF-8"?>
<testsuite name="arraystack.ArrayStackTest" tests="6" skipped="0" failures="0" errors="0" timestamp="2018-12-23T06:19:18" hostname="Riks-iMac" time="0.084">
  <properties/>
  <testcase name="pushWithResize" classname="arraystack.ArrayStackTest" time="0.078"/>
  <testcase name="pushPopPeek" classname="arraystack.ArrayStackTest" time="0.002"/>
  <testcase name="size" classname="arraystack.ArrayStackTest" time="0.0"/>
  <testcase name="popEmpty" classname="arraystack.ArrayStackTest" time="0.0"/>
  <testcase name="peekEmpty" classname="arraystack.ArrayStackTest" time="0.0"/>
  <testcase name="isEmpty" classname="arraystack.ArrayStackTest" time="0.001"/>
  <system-out><![CDATA[]]></system-out>
  <system-err><![CDATA[]]></system-err>
</testsuite>
